2022-04-18 15:55:54.584 [Minicalc.java] [INFO] [Minicalc] [Factorial - 3]
2022-04-18 15:55:54.588 [Minicalc.java] [INFO] [Minicalc] [ResultFactorial - 6.0]
2022-04-18 15:55:54.589 [Minicalc.java] [INFO] [Minicalc] [Root - 121.0]
2022-04-18 15:55:54.589 [Minicalc.java] [INFO] [Minicalc] [ResultRoot - 11.0]
2022-04-18 15:55:54.589 [Minicalc.java] [INFO] [Minicalc] [Root - 645.0]
2022-04-18 15:55:54.590 [Minicalc.java] [INFO] [Minicalc] [ResultRoot - 25.39685019840059]
2022-04-18 15:55:54.590 [Minicalc.java] [INFO] [Minicalc] [Power - 3.0, 5.0]
2022-04-18 15:55:54.591 [Minicalc.java] [INFO] [Minicalc] [ResultPower - 243.0]
2022-04-18 15:55:54.591 [Minicalc.java] [INFO] [Minicalc] [Log - 1096.63315843]
2022-04-18 15:55:54.591 [Minicalc.java] [INFO] [Minicalc] [ResultLog- 7.000000000001406]
2022-04-18 15:55:54.592 [Minicalc.java] [INFO] [Minicalc] [Log - 52342.0]
2022-04-18 15:55:54.592 [Minicalc.java] [INFO] [Minicalc] [ResultLog- 10.865554387046867]
2022-04-18 15:55:54.592 [Minicalc.java] [INFO] [Minicalc] [Power - 5.0, 3.0]
2022-04-18 15:55:54.593 [Minicalc.java] [INFO] [Minicalc] [ResultPower - 125.0]
2022-04-18 15:55:54.593 [Minicalc.java] [INFO] [Minicalc] [Factorial - 7]
2022-04-18 15:55:54.593 [Minicalc.java] [INFO] [Minicalc] [ResultFactorial - 5040.0]
2022-04-18 16:25:17.782 [Minicalc.java] [INFO] [Minicalc] [Factorial - 3]
2022-04-18 16:25:17.789 [Minicalc.java] [INFO] [Minicalc] [ResultFactorial - 6.0]
2022-04-18 16:25:17.790 [Minicalc.java] [INFO] [Minicalc] [Root - 121.0]
2022-04-18 16:25:17.790 [Minicalc.java] [INFO] [Minicalc] [ResultRoot - 11.0]
2022-04-18 16:25:17.790 [Minicalc.java] [INFO] [Minicalc] [Root - 645.0]
2022-04-18 16:25:17.791 [Minicalc.java] [INFO] [Minicalc] [ResultRoot - 25.39685019840059]
2022-04-18 16:25:17.792 [Minicalc.java] [INFO] [Minicalc] [Power - 3.0, 5.0]
2022-04-18 16:25:17.792 [Minicalc.java] [INFO] [Minicalc] [ResultPower - 243.0]
2022-04-18 16:25:17.793 [Minicalc.java] [INFO] [Minicalc] [Log - 1096.63315843]
2022-04-18 16:25:17.794 [Minicalc.java] [INFO] [Minicalc] [ResultLog- 7.000000000001406]
2022-04-18 16:25:17.795 [Minicalc.java] [INFO] [Minicalc] [Log - 52342.0]
2022-04-18 16:25:17.795 [Minicalc.java] [INFO] [Minicalc] [ResultLog- 10.865554387046867]
2022-04-18 16:25:17.796 [Minicalc.java] [INFO] [Minicalc] [Power - 5.0, 3.0]
2022-04-18 16:25:17.796 [Minicalc.java] [INFO] [Minicalc] [ResultPower - 125.0]
2022-04-18 16:25:17.797 [Minicalc.java] [INFO] [Minicalc] [Factorial - 7]
2022-04-18 16:25:17.797 [Minicalc.java] [INFO] [Minicalc] [ResultFactorial - 5040.0]
2022-04-18 17:33:52.248 [Minicalc.java] [INFO] [Minicalc] [Factorial - 3]
2022-04-18 17:33:52.253 [Minicalc.java] [INFO] [Minicalc] [ResultFactorial - 6.0]
2022-04-18 17:33:52.254 [Minicalc.java] [INFO] [Minicalc] [Root - 121.0]
2022-04-18 17:33:52.254 [Minicalc.java] [INFO] [Minicalc] [ResultRoot - 11.0]
2022-04-18 17:33:52.254 [Minicalc.java] [INFO] [Minicalc] [Root - 645.0]
2022-04-18 17:33:52.254 [Minicalc.java] [INFO] [Minicalc] [ResultRoot - 25.39685019840059]
2022-04-18 17:33:52.255 [Minicalc.java] [INFO] [Minicalc] [Power - 3.0, 5.0]
2022-04-18 17:33:52.255 [Minicalc.java] [INFO] [Minicalc] [ResultPower - 243.0]
2022-04-18 17:33:52.256 [Minicalc.java] [INFO] [Minicalc] [Log - 1096.63315843]
2022-04-18 17:33:52.256 [Minicalc.java] [INFO] [Minicalc] [ResultLog- 7.000000000001406]
2022-04-18 17:33:52.256 [Minicalc.java] [INFO] [Minicalc] [Log - 52342.0]
2022-04-18 17:33:52.257 [Minicalc.java] [INFO] [Minicalc] [ResultLog- 10.865554387046867]
2022-04-18 17:33:52.257 [Minicalc.java] [INFO] [Minicalc] [Power - 5.0, 3.0]
2022-04-18 17:33:52.257 [Minicalc.java] [INFO] [Minicalc] [ResultPower - 125.0]
2022-04-18 17:33:52.258 [Minicalc.java] [INFO] [Minicalc] [Factorial - 7]
2022-04-18 17:33:52.258 [Minicalc.java] [INFO] [Minicalc] [ResultFactorial - 5040.0]
